<?xml version="1.0" encoding="UTF-8"?>
<!-- Generated by org.testng.reporters.JUnitReportReporter -->
<testsuite skipped="0" hostname="ASI-1" name="com.Bank.TNG1.TestCases.Test4" tests="2" failures="0" timestamp="08 Sep 2018 19:25:23 GMT" time="30.144" errors="0">
  <testcase name="CreateFBAccount" time="14.390" classname="com.Bank.TNG1.TestCases.Test4"/>
  <testcase name="CreateFBAccount" time="15.754" classname="com.Bank.TNG1.TestCases.Test4"/>
</testsuite> <!-- com.Bank.TNG1.TestCases.Test4 -->
