<?xml version="1.0" encoding="UTF-8"?>
<!-- Generated by org.testng.reporters.JUnitReportReporter -->
<testsuite skipped="0" hostname="ASI-1" name="com.Bank.TNG1.TestCases.Test1" tests="2" failures="0" timestamp="06 Sep 2018 16:29:50 GMT" time="0.035" errors="0">
  <testcase name="m2" time="0.006" classname="com.Bank.TNG1.TestCases.Test1"/>
  <testcase name="m1" time="0.029" classname="com.Bank.TNG1.TestCases.Test1"/>
</testsuite> <!-- com.Bank.TNG1.TestCases.Test1 -->
