<?xml version="1.0" encoding="UTF-8"?>
<!-- Generated by org.testng.reporters.JUnitReportReporter -->
<testsuite skipped="0" hostname="ASI-1" name="com.Bank.Grid.testSample1" tests="1" failures="0" timestamp="09 Sep 2018 13:12:17 GMT" time="18.010" errors="0">
  <testcase name="Facebooklogin" time="18.010" classname="com.Bank.Grid.testSample1"/>
</testsuite> <!-- com.Bank.Grid.testSample1 -->
