<?xml version="1.0" encoding="UTF-8"?>
<!-- Generated by org.testng.reporters.JUnitReportReporter -->
<testsuite skipped="0" hostname="ASI-1" name="com.Bank.TNG1.TestCases.Test2" tests="1" failures="0" timestamp="06 Sep 2018 16:28:59 GMT" time="0.004" errors="0">
  <testcase name="m4" time="0.004" classname="com.Bank.TNG1.TestCases.Test2"/>
</testsuite> <!-- com.Bank.TNG1.TestCases.Test2 -->
