<?xml version="1.0" encoding="UTF-8"?>
<!-- Generated by org.testng.reporters.JUnitReportReporter -->
<testsuite skipped="1" hostname="ASI-1" name="com.Bank.TNG.TestCases.Login_Sample" tests="2" failures="0" timestamp="03 Sep 2018 18:46:00 GMT" time="17.614" errors="0">
  <testcase name="FBLogout" time="17.614" classname="com.Bank.TNG.TestCases.Login_Sample"/>
  <testcase name="Login" classname="com.Bank.TNG.TestCases.Login_Sample">
    <skipped/>
  </testcase> <!-- Login -->
</testsuite> <!-- com.Bank.TNG.TestCases.Login_Sample -->
