<?xml version="1.0" encoding="UTF-8"?>
<!-- Generated by org.testng.reporters.JUnitReportReporter -->
<testsuite skipped="0" hostname="ASI-1" name="com.Bank.Grid.testSample2" tests="2" failures="0" timestamp="09 Sep 2018 13:18:57 GMT" time="40.967" errors="0">
  <testcase name="Facebooklogin" time="20.018" classname="com.Bank.Grid.testSample2"/>
  <testcase name="Facebooklogin" time="20.949" classname="com.Bank.Grid.testSample2"/>
</testsuite> <!-- com.Bank.Grid.testSample2 -->
