<?xml version="1.0" encoding="UTF-8"?>
<!-- Generated by org.testng.reporters.JUnitReportReporter -->
<testsuite skipped="0" hostname="ASI-1" name="com.Bank.TNG.TestCases.Account_Sample" tests="1" failures="0" timestamp="06 Sep 2018 16:20:54 GMT" time="10.724" errors="0">
  <testcase name="EditAccount" time="10.724" classname="com.Bank.TNG.TestCases.Account_Sample"/>
</testsuite> <!-- com.Bank.TNG.TestCases.Account_Sample -->
